Analysis & Synthesis report for Aula16
Fri May 10 12:10:54 2024
Quartus Prime Version 20.1.0 Build 711 06/05/2020 SJ Lite Edition


---------------------
; Table of Contents ;
---------------------
  1. Legal Notice
  2. Analysis & Synthesis Summary
  3. Analysis & Synthesis Settings
  4. Parallel Compilation
  5. Analysis & Synthesis Source Files Read
  6. Analysis & Synthesis Resource Usage Summary
  7. Analysis & Synthesis Resource Utilization by Entity
  8. General Register Statistics
  9. Parameter Settings for User Entity Instance: Top-level Entity: |Aula16
 10. Parameter Settings for User Entity Instance: ULAMIPS:SOMA
 11. Parameter Settings for User Entity Instance: ULAMIPS:AND1
 12. Parameter Settings for User Entity Instance: ULAMIPS:OR1
 13. Parameter Settings for User Entity Instance: ULAMIPS:SUB
 14. Parameter Settings for User Entity Instance: ULAMIPS:SLTV
 15. Parameter Settings for User Entity Instance: ULAMIPS:SLTF
 16. Parameter Settings for User Entity Instance: ULAMIPS:ZER
 17. Port Connectivity Checks: "ULAMIPS:ZER"
 18. Port Connectivity Checks: "ULAMIPS:SLTF"
 19. Port Connectivity Checks: "ULAMIPS:SLTV"
 20. Port Connectivity Checks: "ULAMIPS:SUB"
 21. Port Connectivity Checks: "ULAMIPS:OR1"
 22. Port Connectivity Checks: "ULAMIPS:AND1"
 23. Port Connectivity Checks: "ULAMIPS:SOMA|ULAMIPSbit31:BIT31"
 24. Port Connectivity Checks: "ULAMIPS:SOMA|ULAMIPS1bit:BIT30"
 25. Port Connectivity Checks: "ULAMIPS:SOMA|ULAMIPS1bit:BIT29"
 26. Port Connectivity Checks: "ULAMIPS:SOMA|ULAMIPS1bit:BIT28"
 27. Port Connectivity Checks: "ULAMIPS:SOMA|ULAMIPS1bit:BIT27"
 28. Port Connectivity Checks: "ULAMIPS:SOMA|ULAMIPS1bit:BIT26"
 29. Port Connectivity Checks: "ULAMIPS:SOMA|ULAMIPS1bit:BIT25"
 30. Port Connectivity Checks: "ULAMIPS:SOMA|ULAMIPS1bit:BIT24"
 31. Port Connectivity Checks: "ULAMIPS:SOMA|ULAMIPS1bit:BIT23"
 32. Port Connectivity Checks: "ULAMIPS:SOMA|ULAMIPS1bit:BIT22"
 33. Port Connectivity Checks: "ULAMIPS:SOMA|ULAMIPS1bit:BIT21"
 34. Port Connectivity Checks: "ULAMIPS:SOMA|ULAMIPS1bit:BIT20"
 35. Port Connectivity Checks: "ULAMIPS:SOMA|ULAMIPS1bit:BIT19"
 36. Port Connectivity Checks: "ULAMIPS:SOMA|ULAMIPS1bit:BIT18"
 37. Port Connectivity Checks: "ULAMIPS:SOMA|ULAMIPS1bit:BIT17"
 38. Port Connectivity Checks: "ULAMIPS:SOMA|ULAMIPS1bit:BIT16"
 39. Port Connectivity Checks: "ULAMIPS:SOMA|ULAMIPS1bit:BIT15"
 40. Port Connectivity Checks: "ULAMIPS:SOMA|ULAMIPS1bit:BIT14"
 41. Port Connectivity Checks: "ULAMIPS:SOMA|ULAMIPS1bit:BIT13"
 42. Port Connectivity Checks: "ULAMIPS:SOMA|ULAMIPS1bit:BIT12"
 43. Port Connectivity Checks: "ULAMIPS:SOMA|ULAMIPS1bit:BIT11"
 44. Port Connectivity Checks: "ULAMIPS:SOMA|ULAMIPS1bit:BIT10"
 45. Port Connectivity Checks: "ULAMIPS:SOMA|ULAMIPS1bit:BIT9"
 46. Port Connectivity Checks: "ULAMIPS:SOMA|ULAMIPS1bit:BIT8"
 47. Port Connectivity Checks: "ULAMIPS:SOMA|ULAMIPS1bit:BIT7"
 48. Port Connectivity Checks: "ULAMIPS:SOMA|ULAMIPS1bit:BIT6"
 49. Port Connectivity Checks: "ULAMIPS:SOMA|ULAMIPS1bit:BIT5"
 50. Port Connectivity Checks: "ULAMIPS:SOMA|ULAMIPS1bit:BIT4"
 51. Port Connectivity Checks: "ULAMIPS:SOMA|ULAMIPS1bit:BIT3"
 52. Port Connectivity Checks: "ULAMIPS:SOMA|ULAMIPS1bit:BIT2"
 53. Port Connectivity Checks: "ULAMIPS:SOMA|ULAMIPS1bit:BIT1"
 54. Port Connectivity Checks: "ULAMIPS:SOMA"
 55. Post-Synthesis Netlist Statistics for Top Partition
 56. Elapsed Time Per Partition
 57. Analysis & Synthesis Messages



----------------
; Legal Notice ;
----------------
Copyright (C) 2020  Intel Corporation. All rights reserved.
Your use of Intel Corporation's design tools, logic functions 
and other software and tools, and any partner logic 
functions, and any output files from any of the foregoing 
(including device programming or simulation files), and any 
associated documentation or information are expressly subject 
to the terms and conditions of the Intel Program License 
Subscription Agreement, the Intel Quartus Prime License Agreement,
the Intel FPGA IP License Agreement, or other applicable license
agreement, including, without limitation, that your use is for
the sole purpose of programming logic devices manufactured by
Intel and sold by Intel or its authorized distributors.  Please
refer to the applicable agreement for further details, at
https://fpgasoftware.intel.com/eula.



+-------------------------------------------------------------------------------+
; Analysis & Synthesis Summary                                                  ;
+---------------------------------+---------------------------------------------+
; Analysis & Synthesis Status     ; Successful - Fri May 10 12:10:54 2024       ;
; Quartus Prime Version           ; 20.1.0 Build 711 06/05/2020 SJ Lite Edition ;
; Revision Name                   ; Aula16                                      ;
; Top-level Entity Name           ; Aula16                                      ;
; Family                          ; Cyclone V                                   ;
; Logic utilization (in ALMs)     ; N/A                                         ;
; Total registers                 ; 0                                           ;
; Total pins                      ; 193                                         ;
; Total virtual pins              ; 0                                           ;
; Total block memory bits         ; 0                                           ;
; Total DSP Blocks                ; 0                                           ;
; Total HSSI RX PCSs              ; 0                                           ;
; Total HSSI PMA RX Deserializers ; 0                                           ;
; Total HSSI TX PCSs              ; 0                                           ;
; Total HSSI PMA TX Serializers   ; 0                                           ;
; Total PLLs                      ; 0                                           ;
; Total DLLs                      ; 0                                           ;
+---------------------------------+---------------------------------------------+


+---------------------------------------------------------------------------------------------------------------------------+
; Analysis & Synthesis Settings                                                                                             ;
+---------------------------------------------------------------------------------+--------------------+--------------------+
; Option                                                                          ; Setting            ; Default Value      ;
+---------------------------------------------------------------------------------+--------------------+--------------------+
; Device                                                                          ; 5CEBA4F23C7        ;                    ;
; Top-level entity name                                                           ; Aula16             ; Aula16             ;
; Family name                                                                     ; Cyclone V          ; Cyclone V          ;
; Maximum processors allowed for parallel compilation                             ; All                ;                    ;
; VHDL Show LMF Mapping Messages                                                  ; Off                ;                    ;
; VHDL Version                                                                    ; VHDL_2008          ; VHDL_1993          ;
; Use smart compilation                                                           ; Off                ; Off                ;
; Enable parallel Assembler and Timing Analyzer during compilation                ; On                 ; On                 ;
; Enable compact report table                                                     ; Off                ; Off                ;
; Restructure Multiplexers                                                        ; Auto               ; Auto               ;
; MLAB Add Timing Constraints For Mixed-Port Feed-Through Mode Setting Don't Care ; Off                ; Off                ;
; Create Debugging Nodes for IP Cores                                             ; Off                ; Off                ;
; Preserve fewer node names                                                       ; On                 ; On                 ;
; Intel FPGA IP Evaluation Mode                                                   ; Enable             ; Enable             ;
; Verilog Version                                                                 ; Verilog_2001       ; Verilog_2001       ;
; State Machine Processing                                                        ; Auto               ; Auto               ;
; Safe State Machine                                                              ; Off                ; Off                ;
; Extract Verilog State Machines                                                  ; On                 ; On                 ;
; Extract VHDL State Machines                                                     ; On                 ; On                 ;
; Ignore Verilog initial constructs                                               ; Off                ; Off                ;
; Iteration limit for constant Verilog loops                                      ; 5000               ; 5000               ;
; Iteration limit for non-constant Verilog loops                                  ; 250                ; 250                ;
; Add Pass-Through Logic to Inferred RAMs                                         ; On                 ; On                 ;
; Infer RAMs from Raw Logic                                                       ; On                 ; On                 ;
; Parallel Synthesis                                                              ; On                 ; On                 ;
; DSP Block Balancing                                                             ; Auto               ; Auto               ;
; NOT Gate Push-Back                                                              ; On                 ; On                 ;
; Power-Up Don't Care                                                             ; On                 ; On                 ;
; Remove Redundant Logic Cells                                                    ; Off                ; Off                ;
; Remove Duplicate Registers                                                      ; On                 ; On                 ;
; Ignore CARRY Buffers                                                            ; Off                ; Off                ;
; Ignore CASCADE Buffers                                                          ; Off                ; Off                ;
; Ignore GLOBAL Buffers                                                           ; Off                ; Off                ;
; Ignore ROW GLOBAL Buffers                                                       ; Off                ; Off                ;
; Ignore LCELL Buffers                                                            ; Off                ; Off                ;
; Ignore SOFT Buffers                                                             ; On                 ; On                 ;
; Limit AHDL Integers to 32 Bits                                                  ; Off                ; Off                ;
; Optimization Technique                                                          ; Balanced           ; Balanced           ;
; Carry Chain Length                                                              ; 70                 ; 70                 ;
; Auto Carry Chains                                                               ; On                 ; On                 ;
; Auto Open-Drain Pins                                                            ; On                 ; On                 ;
; Perform WYSIWYG Primitive Resynthesis                                           ; Off                ; Off                ;
; Auto ROM Replacement                                                            ; On                 ; On                 ;
; Auto RAM Replacement                                                            ; On                 ; On                 ;
; Auto DSP Block Replacement                                                      ; On                 ; On                 ;
; Auto Shift Register Replacement                                                 ; Auto               ; Auto               ;
; Allow Shift Register Merging across Hierarchies                                 ; Auto               ; Auto               ;
; Auto Clock Enable Replacement                                                   ; On                 ; On                 ;
; Strict RAM Replacement                                                          ; Off                ; Off                ;
; Allow Synchronous Control Signals                                               ; On                 ; On                 ;
; Force Use of Synchronous Clear Signals                                          ; Off                ; Off                ;
; Auto Resource Sharing                                                           ; Off                ; Off                ;
; Allow Any RAM Size For Recognition                                              ; Off                ; Off                ;
; Allow Any ROM Size For Recognition                                              ; Off                ; Off                ;
; Allow Any Shift Register Size For Recognition                                   ; Off                ; Off                ;
; Use LogicLock Constraints during Resource Balancing                             ; On                 ; On                 ;
; Ignore translate_off and synthesis_off directives                               ; Off                ; Off                ;
; Timing-Driven Synthesis                                                         ; On                 ; On                 ;
; Report Parameter Settings                                                       ; On                 ; On                 ;
; Report Source Assignments                                                       ; On                 ; On                 ;
; Report Connectivity Checks                                                      ; On                 ; On                 ;
; Ignore Maximum Fan-Out Assignments                                              ; Off                ; Off                ;
; Synchronization Register Chain Length                                           ; 3                  ; 3                  ;
; Power Optimization During Synthesis                                             ; Normal compilation ; Normal compilation ;
; HDL message level                                                               ; Level2             ; Level2             ;
; Suppress Register Optimization Related Messages                                 ; Off                ; Off                ;
; Number of Removed Registers Reported in Synthesis Report                        ; 5000               ; 5000               ;
; Number of Swept Nodes Reported in Synthesis Report                              ; 5000               ; 5000               ;
; Number of Inverted Registers Reported in Synthesis Report                       ; 100                ; 100                ;
; Clock MUX Protection                                                            ; On                 ; On                 ;
; Auto Gated Clock Conversion                                                     ; Off                ; Off                ;
; Block Design Naming                                                             ; Auto               ; Auto               ;
; SDC constraint protection                                                       ; Off                ; Off                ;
; Synthesis Effort                                                                ; Auto               ; Auto               ;
; Shift Register Replacement - Allow Asynchronous Clear Signal                    ; On                 ; On                 ;
; Pre-Mapping Resynthesis Optimization                                            ; Off                ; Off                ;
; Analysis & Synthesis Message Level                                              ; Medium             ; Medium             ;
; Disable Register Merging Across Hierarchies                                     ; Auto               ; Auto               ;
; Resource Aware Inference For Block RAM                                          ; On                 ; On                 ;
; Automatic Parallel Synthesis                                                    ; On                 ; On                 ;
; Partial Reconfiguration Bitstream ID                                            ; Off                ; Off                ;
+---------------------------------------------------------------------------------+--------------------+--------------------+


+------------------------------------------+
; Parallel Compilation                     ;
+----------------------------+-------------+
; Processors                 ; Number      ;
+----------------------------+-------------+
; Number detected on machine ; 8           ;
; Maximum allowed            ; 4           ;
;                            ;             ;
; Average used               ; 1.00        ;
; Maximum used               ; 1           ;
;                            ;             ;
; Usage by Processor         ; % Time Used ;
;     Processor 1            ; 100.0%      ;
+----------------------------+-------------+


+-----------------------------------------------------------------------------------------------------------------------+
; Analysis & Synthesis Source Files Read                                                                                ;
+----------------------------------+-----------------+-----------------+--------------------------------------+---------+
; File Name with User-Entered Path ; Used in Netlist ; File Type       ; File Name with Absolute Path         ; Library ;
+----------------------------------+-----------------+-----------------+--------------------------------------+---------+
; Aula16.vhd                       ; yes             ; User VHDL File  ; C:/DESCOMP/AULA16/Aula16.vhd         ;         ;
; somador1bit.vhd                  ; yes             ; User VHDL File  ; C:/DESCOMP/AULA16/somador1bit.vhd    ;         ;
; operadorAND.vhd                  ; yes             ; User VHDL File  ; C:/DESCOMP/AULA16/operadorAND.vhd    ;         ;
; operadorOR.vhd                   ; yes             ; User VHDL File  ; C:/DESCOMP/AULA16/operadorOR.vhd     ;         ;
; operadorXOR.vhd                  ; yes             ; User VHDL File  ; C:/DESCOMP/AULA16/operadorXOR.vhd    ;         ;
; ULAMIPS1bit.vhd                  ; yes             ; User VHDL File  ; C:/DESCOMP/AULA16/ULAMIPS1bit.vhd    ;         ;
; muxGenerico4x1.vhd               ; yes             ; User VHDL File  ; C:/DESCOMP/AULA16/muxGenerico4x1.vhd ;         ;
; operadorNOT.vhd                  ; yes             ; User VHDL File  ; C:/DESCOMP/AULA16/operadorNOT.vhd    ;         ;
; muxGenerico2x1.vhd               ; yes             ; User VHDL File  ; C:/DESCOMP/AULA16/muxGenerico2x1.vhd ;         ;
; ULAMIPSbit31.vhd                 ; yes             ; User VHDL File  ; C:/DESCOMP/AULA16/ULAMIPSbit31.vhd   ;         ;
; ULAMIPS.vhd                      ; yes             ; User VHDL File  ; C:/DESCOMP/AULA16/ULAMIPS.vhd        ;         ;
+----------------------------------+-----------------+-----------------+--------------------------------------+---------+


+------------------------------------------------------------------------+
; Analysis & Synthesis Resource Usage Summary                            ;
+---------------------------------------------+--------------------------+
; Resource                                    ; Usage                    ;
+---------------------------------------------+--------------------------+
; Estimate of Logic utilization (ALMs needed) ; 0                        ;
;                                             ;                          ;
; Combinational ALUT usage for logic          ; 0                        ;
;     -- 7 input functions                    ; 0                        ;
;     -- 6 input functions                    ; 0                        ;
;     -- 5 input functions                    ; 0                        ;
;     -- 4 input functions                    ; 0                        ;
;     -- <=3 input functions                  ; 0                        ;
;                                             ;                          ;
; Dedicated logic registers                   ; 0                        ;
;                                             ;                          ;
; I/O pins                                    ; 193                      ;
;                                             ;                          ;
; Total DSP Blocks                            ; 0                        ;
;                                             ;                          ;
; Maximum fan-out node                        ; resultado_soma[0]~output ;
; Maximum fan-out                             ; 1                        ;
; Total fan-out                               ; 193                      ;
; Average fan-out                             ; 0.50                     ;
+---------------------------------------------+--------------------------+


+----------------------------------------------------------------------------------------------------------------------------------------------------------------------------------------+
; Analysis & Synthesis Resource Utilization by Entity                                                                                                                                    ;
+----------------------------+---------------------+---------------------------+-------------------+------------+------+--------------+---------------------+-------------+--------------+
; Compilation Hierarchy Node ; Combinational ALUTs ; Dedicated Logic Registers ; Block Memory Bits ; DSP Blocks ; Pins ; Virtual Pins ; Full Hierarchy Name ; Entity Name ; Library Name ;
+----------------------------+---------------------+---------------------------+-------------------+------------+------+--------------+---------------------+-------------+--------------+
; |Aula16                    ; 0 (0)               ; 0 (0)                     ; 0                 ; 0          ; 193  ; 0            ; |Aula16             ; Aula16      ; work         ;
+----------------------------+---------------------+---------------------------+-------------------+------------+------+--------------+---------------------+-------------+--------------+
Note: For table entries with two numbers listed, the numbers in parentheses indicate the number of resources of the given type used by the specific entity alone. The numbers listed outside of parentheses indicate the total resources of the given type used by the specific entity and all of its sub-entities in the hierarchy.


+------------------------------------------------------+
; General Register Statistics                          ;
+----------------------------------------------+-------+
; Statistic                                    ; Value ;
+----------------------------------------------+-------+
; Total registers                              ; 0     ;
; Number of registers using Synchronous Clear  ; 0     ;
; Number of registers using Synchronous Load   ; 0     ;
; Number of registers using Asynchronous Clear ; 0     ;
; Number of registers using Asynchronous Load  ; 0     ;
; Number of registers using Clock Enable       ; 0     ;
; Number of registers using Preset             ; 0     ;
+----------------------------------------------+-------+


+------------------------------------------------------------------------+
; Parameter Settings for User Entity Instance: Top-level Entity: |Aula16 ;
+------------------+-------+---------------------------------------------+
; Parameter Name   ; Value ; Type                                        ;
+------------------+-------+---------------------------------------------+
; larguraDados     ; 32    ; Signed Integer                              ;
; larguraEnderecos ; 32    ; Signed Integer                              ;
+------------------+-------+---------------------------------------------+
Note: In order to hide this table in the UI and the text report file, please set the "Show Parameter Settings in Synthesis Report" option in "Analysis and Synthesis Settings -> More Settings" to "Off".


+-----------------------------------------------------------+
; Parameter Settings for User Entity Instance: ULAMIPS:SOMA ;
+----------------+-------+----------------------------------+
; Parameter Name ; Value ; Type                             ;
+----------------+-------+----------------------------------+
; larguradados   ; 32    ; Signed Integer                   ;
+----------------+-------+----------------------------------+
Note: In order to hide this table in the UI and the text report file, please set the "Show Parameter Settings in Synthesis Report" option in "Analysis and Synthesis Settings -> More Settings" to "Off".


+-----------------------------------------------------------+
; Parameter Settings for User Entity Instance: ULAMIPS:AND1 ;
+----------------+-------+----------------------------------+
; Parameter Name ; Value ; Type                             ;
+----------------+-------+----------------------------------+
; larguradados   ; 32    ; Signed Integer                   ;
+----------------+-------+----------------------------------+
Note: In order to hide this table in the UI and the text report file, please set the "Show Parameter Settings in Synthesis Report" option in "Analysis and Synthesis Settings -> More Settings" to "Off".


+----------------------------------------------------------+
; Parameter Settings for User Entity Instance: ULAMIPS:OR1 ;
+----------------+-------+---------------------------------+
; Parameter Name ; Value ; Type                            ;
+----------------+-------+---------------------------------+
; larguradados   ; 32    ; Signed Integer                  ;
+----------------+-------+---------------------------------+
Note: In order to hide this table in the UI and the text report file, please set the "Show Parameter Settings in Synthesis Report" option in "Analysis and Synthesis Settings -> More Settings" to "Off".


+----------------------------------------------------------+
; Parameter Settings for User Entity Instance: ULAMIPS:SUB ;
+----------------+-------+---------------------------------+
; Parameter Name ; Value ; Type                            ;
+----------------+-------+---------------------------------+
; larguradados   ; 32    ; Signed Integer                  ;
+----------------+-------+---------------------------------+
Note: In order to hide this table in the UI and the text report file, please set the "Show Parameter Settings in Synthesis Report" option in "Analysis and Synthesis Settings -> More Settings" to "Off".


+-----------------------------------------------------------+
; Parameter Settings for User Entity Instance: ULAMIPS:SLTV ;
+----------------+-------+----------------------------------+
; Parameter Name ; Value ; Type                             ;
+----------------+-------+----------------------------------+
; larguradados   ; 32    ; Signed Integer                   ;
+----------------+-------+----------------------------------+
Note: In order to hide this table in the UI and the text report file, please set the "Show Parameter Settings in Synthesis Report" option in "Analysis and Synthesis Settings -> More Settings" to "Off".


+-----------------------------------------------------------+
; Parameter Settings for User Entity Instance: ULAMIPS:SLTF ;
+----------------+-------+----------------------------------+
; Parameter Name ; Value ; Type                             ;
+----------------+-------+----------------------------------+
; larguradados   ; 32    ; Signed Integer                   ;
+----------------+-------+----------------------------------+
Note: In order to hide this table in the UI and the text report file, please set the "Show Parameter Settings in Synthesis Report" option in "Analysis and Synthesis Settings -> More Settings" to "Off".


+----------------------------------------------------------+
; Parameter Settings for User Entity Instance: ULAMIPS:ZER ;
+----------------+-------+---------------------------------+
; Parameter Name ; Value ; Type                            ;
+----------------+-------+---------------------------------+
; larguradados   ; 32    ; Signed Integer                  ;
+----------------+-------+---------------------------------+
Note: In order to hide this table in the UI and the text report file, please set the "Show Parameter Settings in Synthesis Report" option in "Analysis and Synthesis Settings -> More Settings" to "Off".


+---------------------------------------------------------------------------------------------------------------------------+
; Port Connectivity Checks: "ULAMIPS:ZER"                                                                                   ;
+-----------------+--------+----------+-------------------------------------------------------------------------------------+
; Port            ; Type   ; Severity ; Details                                                                             ;
+-----------------+--------+----------+-------------------------------------------------------------------------------------+
; entradaa[31..3] ; Input  ; Info     ; Stuck at GND                                                                        ;
; entradaa[1..0]  ; Input  ; Info     ; Stuck at GND                                                                        ;
; entradaa[2]     ; Input  ; Info     ; Stuck at VCC                                                                        ;
; entradab[31..3] ; Input  ; Info     ; Stuck at GND                                                                        ;
; entradab[1..0]  ; Input  ; Info     ; Stuck at GND                                                                        ;
; entradab[2]     ; Input  ; Info     ; Stuck at VCC                                                                        ;
; seletor[1]      ; Input  ; Info     ; Stuck at VCC                                                                        ;
; seletor[0]      ; Input  ; Info     ; Stuck at GND                                                                        ;
; inverteb        ; Input  ; Info     ; Stuck at VCC                                                                        ;
; saida           ; Output ; Info     ; Connected to dangling logic. Logic that only feeds a dangling port will be removed. ;
+-----------------+--------+----------+-------------------------------------------------------------------------------------+


+---------------------------------------------------------------------------------------------------------------------------+
; Port Connectivity Checks: "ULAMIPS:SLTF"                                                                                  ;
+-----------------+--------+----------+-------------------------------------------------------------------------------------+
; Port            ; Type   ; Severity ; Details                                                                             ;
+-----------------+--------+----------+-------------------------------------------------------------------------------------+
; entradaa[31..3] ; Input  ; Info     ; Stuck at GND                                                                        ;
; entradaa[1..0]  ; Input  ; Info     ; Stuck at GND                                                                        ;
; entradaa[2]     ; Input  ; Info     ; Stuck at VCC                                                                        ;
; entradab[1..0]  ; Input  ; Info     ; Stuck at VCC                                                                        ;
; entradab[31..2] ; Input  ; Info     ; Stuck at GND                                                                        ;
; seletor         ; Input  ; Info     ; Stuck at VCC                                                                        ;
; inverteb        ; Input  ; Info     ; Stuck at VCC                                                                        ;
; zero            ; Output ; Info     ; Connected to dangling logic. Logic that only feeds a dangling port will be removed. ;
+-----------------+--------+----------+-------------------------------------------------------------------------------------+


+---------------------------------------------------------------------------------------------------------------------------+
; Port Connectivity Checks: "ULAMIPS:SLTV"                                                                                  ;
+-----------------+--------+----------+-------------------------------------------------------------------------------------+
; Port            ; Type   ; Severity ; Details                                                                             ;
+-----------------+--------+----------+-------------------------------------------------------------------------------------+
; entradaa[1..0]  ; Input  ; Info     ; Stuck at VCC                                                                        ;
; entradaa[31..2] ; Input  ; Info     ; Stuck at GND                                                                        ;
; entradab[31..3] ; Input  ; Info     ; Stuck at GND                                                                        ;
; entradab[1..0]  ; Input  ; Info     ; Stuck at GND                                                                        ;
; entradab[2]     ; Input  ; Info     ; Stuck at VCC                                                                        ;
; seletor         ; Input  ; Info     ; Stuck at VCC                                                                        ;
; inverteb        ; Input  ; Info     ; Stuck at VCC                                                                        ;
; zero            ; Output ; Info     ; Connected to dangling logic. Logic that only feeds a dangling port will be removed. ;
+-----------------+--------+----------+-------------------------------------------------------------------------------------+


+---------------------------------------------------------------------------------------------------------------------------+
; Port Connectivity Checks: "ULAMIPS:SUB"                                                                                   ;
+-----------------+--------+----------+-------------------------------------------------------------------------------------+
; Port            ; Type   ; Severity ; Details                                                                             ;
+-----------------+--------+----------+-------------------------------------------------------------------------------------+
; entradaa[31..3] ; Input  ; Info     ; Stuck at GND                                                                        ;
; entradaa[1..0]  ; Input  ; Info     ; Stuck at GND                                                                        ;
; entradaa[2]     ; Input  ; Info     ; Stuck at VCC                                                                        ;
; entradab[1..0]  ; Input  ; Info     ; Stuck at VCC                                                                        ;
; entradab[31..2] ; Input  ; Info     ; Stuck at GND                                                                        ;
; seletor[1]      ; Input  ; Info     ; Stuck at VCC                                                                        ;
; seletor[0]      ; Input  ; Info     ; Stuck at GND                                                                        ;
; inverteb        ; Input  ; Info     ; Stuck at VCC                                                                        ;
; zero            ; Output ; Info     ; Connected to dangling logic. Logic that only feeds a dangling port will be removed. ;
+-----------------+--------+----------+-------------------------------------------------------------------------------------+


+---------------------------------------------------------------------------------------------------------------------------+
; Port Connectivity Checks: "ULAMIPS:OR1"                                                                                   ;
+-----------------+--------+----------+-------------------------------------------------------------------------------------+
; Port            ; Type   ; Severity ; Details                                                                             ;
+-----------------+--------+----------+-------------------------------------------------------------------------------------+
; entradaa[31..3] ; Input  ; Info     ; Stuck at GND                                                                        ;
; entradaa[1..0]  ; Input  ; Info     ; Stuck at GND                                                                        ;
; entradaa[2]     ; Input  ; Info     ; Stuck at VCC                                                                        ;
; entradab[1..0]  ; Input  ; Info     ; Stuck at VCC                                                                        ;
; entradab[31..2] ; Input  ; Info     ; Stuck at GND                                                                        ;
; seletor[1]      ; Input  ; Info     ; Stuck at GND                                                                        ;
; seletor[0]      ; Input  ; Info     ; Stuck at VCC                                                                        ;
; inverteb        ; Input  ; Info     ; Stuck at GND                                                                        ;
; zero            ; Output ; Info     ; Connected to dangling logic. Logic that only feeds a dangling port will be removed. ;
+-----------------+--------+----------+-------------------------------------------------------------------------------------+


+---------------------------------------------------------------------------------------------------------------------------+
; Port Connectivity Checks: "ULAMIPS:AND1"                                                                                  ;
+-----------------+--------+----------+-------------------------------------------------------------------------------------+
; Port            ; Type   ; Severity ; Details                                                                             ;
+-----------------+--------+----------+-------------------------------------------------------------------------------------+
; entradaa[31..3] ; Input  ; Info     ; Stuck at GND                                                                        ;
; entradaa[1..0]  ; Input  ; Info     ; Stuck at GND                                                                        ;
; entradaa[2]     ; Input  ; Info     ; Stuck at VCC                                                                        ;
; entradab[1..0]  ; Input  ; Info     ; Stuck at VCC                                                                        ;
; entradab[31..2] ; Input  ; Info     ; Stuck at GND                                                                        ;
; seletor         ; Input  ; Info     ; Stuck at GND                                                                        ;
; inverteb        ; Input  ; Info     ; Stuck at GND                                                                        ;
; zero            ; Output ; Info     ; Connected to dangling logic. Logic that only feeds a dangling port will be removed. ;
+-----------------+--------+----------+-------------------------------------------------------------------------------------+


+-------------------------------------------------------------+
; Port Connectivity Checks: "ULAMIPS:SOMA|ULAMIPSbit31:BIT31" ;
+------+-------+----------+-----------------------------------+
; Port ; Type  ; Severity ; Details                           ;
+------+-------+----------+-----------------------------------+
; slt  ; Input ; Info     ; Stuck at GND                      ;
+------+-------+----------+-----------------------------------+


+------------------------------------------------------------+
; Port Connectivity Checks: "ULAMIPS:SOMA|ULAMIPS1bit:BIT30" ;
+------+-------+----------+----------------------------------+
; Port ; Type  ; Severity ; Details                          ;
+------+-------+----------+----------------------------------+
; slt  ; Input ; Info     ; Stuck at GND                     ;
+------+-------+----------+----------------------------------+


+------------------------------------------------------------+
; Port Connectivity Checks: "ULAMIPS:SOMA|ULAMIPS1bit:BIT29" ;
+------+-------+----------+----------------------------------+
; Port ; Type  ; Severity ; Details                          ;
+------+-------+----------+----------------------------------+
; slt  ; Input ; Info     ; Stuck at GND                     ;
+------+-------+----------+----------------------------------+


+------------------------------------------------------------+
; Port Connectivity Checks: "ULAMIPS:SOMA|ULAMIPS1bit:BIT28" ;
+------+-------+----------+----------------------------------+
; Port ; Type  ; Severity ; Details                          ;
+------+-------+----------+----------------------------------+
; slt  ; Input ; Info     ; Stuck at GND                     ;
+------+-------+----------+----------------------------------+


+------------------------------------------------------------+
; Port Connectivity Checks: "ULAMIPS:SOMA|ULAMIPS1bit:BIT27" ;
+------+-------+----------+----------------------------------+
; Port ; Type  ; Severity ; Details                          ;
+------+-------+----------+----------------------------------+
; slt  ; Input ; Info     ; Stuck at GND                     ;
+------+-------+----------+----------------------------------+


+------------------------------------------------------------+
; Port Connectivity Checks: "ULAMIPS:SOMA|ULAMIPS1bit:BIT26" ;
+------+-------+----------+----------------------------------+
; Port ; Type  ; Severity ; Details                          ;
+------+-------+----------+----------------------------------+
; slt  ; Input ; Info     ; Stuck at GND                     ;
+------+-------+----------+----------------------------------+


+------------------------------------------------------------+
; Port Connectivity Checks: "ULAMIPS:SOMA|ULAMIPS1bit:BIT25" ;
+------+-------+----------+----------------------------------+
; Port ; Type  ; Severity ; Details                          ;
+------+-------+----------+----------------------------------+
; slt  ; Input ; Info     ; Stuck at GND                     ;
+------+-------+----------+----------------------------------+


+------------------------------------------------------------+
; Port Connectivity Checks: "ULAMIPS:SOMA|ULAMIPS1bit:BIT24" ;
+------+-------+----------+----------------------------------+
; Port ; Type  ; Severity ; Details                          ;
+------+-------+----------+----------------------------------+
; slt  ; Input ; Info     ; Stuck at GND                     ;
+------+-------+----------+----------------------------------+


+------------------------------------------------------------+
; Port Connectivity Checks: "ULAMIPS:SOMA|ULAMIPS1bit:BIT23" ;
+------+-------+----------+----------------------------------+
; Port ; Type  ; Severity ; Details                          ;
+------+-------+----------+----------------------------------+
; slt  ; Input ; Info     ; Stuck at GND                     ;
+------+-------+----------+----------------------------------+


+------------------------------------------------------------+
; Port Connectivity Checks: "ULAMIPS:SOMA|ULAMIPS1bit:BIT22" ;
+------+-------+----------+----------------------------------+
; Port ; Type  ; Severity ; Details                          ;
+------+-------+----------+----------------------------------+
; slt  ; Input ; Info     ; Stuck at GND                     ;
+------+-------+----------+----------------------------------+


+------------------------------------------------------------+
; Port Connectivity Checks: "ULAMIPS:SOMA|ULAMIPS1bit:BIT21" ;
+------+-------+----------+----------------------------------+
; Port ; Type  ; Severity ; Details                          ;
+------+-------+----------+----------------------------------+
; slt  ; Input ; Info     ; Stuck at GND                     ;
+------+-------+----------+----------------------------------+


+------------------------------------------------------------+
; Port Connectivity Checks: "ULAMIPS:SOMA|ULAMIPS1bit:BIT20" ;
+------+-------+----------+----------------------------------+
; Port ; Type  ; Severity ; Details                          ;
+------+-------+----------+----------------------------------+
; slt  ; Input ; Info     ; Stuck at GND                     ;
+------+-------+----------+----------------------------------+


+------------------------------------------------------------+
; Port Connectivity Checks: "ULAMIPS:SOMA|ULAMIPS1bit:BIT19" ;
+------+-------+----------+----------------------------------+
; Port ; Type  ; Severity ; Details                          ;
+------+-------+----------+----------------------------------+
; slt  ; Input ; Info     ; Stuck at GND                     ;
+------+-------+----------+----------------------------------+


+------------------------------------------------------------+
; Port Connectivity Checks: "ULAMIPS:SOMA|ULAMIPS1bit:BIT18" ;
+------+-------+----------+----------------------------------+
; Port ; Type  ; Severity ; Details                          ;
+------+-------+----------+----------------------------------+
; slt  ; Input ; Info     ; Stuck at GND                     ;
+------+-------+----------+----------------------------------+


+------------------------------------------------------------+
; Port Connectivity Checks: "ULAMIPS:SOMA|ULAMIPS1bit:BIT17" ;
+------+-------+----------+----------------------------------+
; Port ; Type  ; Severity ; Details                          ;
+------+-------+----------+----------------------------------+
; slt  ; Input ; Info     ; Stuck at GND                     ;
+------+-------+----------+----------------------------------+


+------------------------------------------------------------+
; Port Connectivity Checks: "ULAMIPS:SOMA|ULAMIPS1bit:BIT16" ;
+------+-------+----------+----------------------------------+
; Port ; Type  ; Severity ; Details                          ;
+------+-------+----------+----------------------------------+
; slt  ; Input ; Info     ; Stuck at GND                     ;
+------+-------+----------+----------------------------------+


+------------------------------------------------------------+
; Port Connectivity Checks: "ULAMIPS:SOMA|ULAMIPS1bit:BIT15" ;
+------+-------+----------+----------------------------------+
; Port ; Type  ; Severity ; Details                          ;
+------+-------+----------+----------------------------------+
; slt  ; Input ; Info     ; Stuck at GND                     ;
+------+-------+----------+----------------------------------+


+------------------------------------------------------------+
; Port Connectivity Checks: "ULAMIPS:SOMA|ULAMIPS1bit:BIT14" ;
+------+-------+----------+----------------------------------+
; Port ; Type  ; Severity ; Details                          ;
+------+-------+----------+----------------------------------+
; slt  ; Input ; Info     ; Stuck at GND                     ;
+------+-------+----------+----------------------------------+


+------------------------------------------------------------+
; Port Connectivity Checks: "ULAMIPS:SOMA|ULAMIPS1bit:BIT13" ;
+------+-------+----------+----------------------------------+
; Port ; Type  ; Severity ; Details                          ;
+------+-------+----------+----------------------------------+
; slt  ; Input ; Info     ; Stuck at GND                     ;
+------+-------+----------+----------------------------------+


+------------------------------------------------------------+
; Port Connectivity Checks: "ULAMIPS:SOMA|ULAMIPS1bit:BIT12" ;
+------+-------+----------+----------------------------------+
; Port ; Type  ; Severity ; Details                          ;
+------+-------+----------+----------------------------------+
; slt  ; Input ; Info     ; Stuck at GND                     ;
+------+-------+----------+----------------------------------+


+------------------------------------------------------------+
; Port Connectivity Checks: "ULAMIPS:SOMA|ULAMIPS1bit:BIT11" ;
+------+-------+----------+----------------------------------+
; Port ; Type  ; Severity ; Details                          ;
+------+-------+----------+----------------------------------+
; slt  ; Input ; Info     ; Stuck at GND                     ;
+------+-------+----------+----------------------------------+


+------------------------------------------------------------+
; Port Connectivity Checks: "ULAMIPS:SOMA|ULAMIPS1bit:BIT10" ;
+------+-------+----------+----------------------------------+
; Port ; Type  ; Severity ; Details                          ;
+------+-------+----------+----------------------------------+
; slt  ; Input ; Info     ; Stuck at GND                     ;
+------+-------+----------+----------------------------------+


+-----------------------------------------------------------+
; Port Connectivity Checks: "ULAMIPS:SOMA|ULAMIPS1bit:BIT9" ;
+------+-------+----------+---------------------------------+
; Port ; Type  ; Severity ; Details                         ;
+------+-------+----------+---------------------------------+
; slt  ; Input ; Info     ; Stuck at GND                    ;
+------+-------+----------+---------------------------------+


+-----------------------------------------------------------+
; Port Connectivity Checks: "ULAMIPS:SOMA|ULAMIPS1bit:BIT8" ;
+------+-------+----------+---------------------------------+
; Port ; Type  ; Severity ; Details                         ;
+------+-------+----------+---------------------------------+
; slt  ; Input ; Info     ; Stuck at GND                    ;
+------+-------+----------+---------------------------------+


+-----------------------------------------------------------+
; Port Connectivity Checks: "ULAMIPS:SOMA|ULAMIPS1bit:BIT7" ;
+------+-------+----------+---------------------------------+
; Port ; Type  ; Severity ; Details                         ;
+------+-------+----------+---------------------------------+
; slt  ; Input ; Info     ; Stuck at GND                    ;
+------+-------+----------+---------------------------------+


+-----------------------------------------------------------+
; Port Connectivity Checks: "ULAMIPS:SOMA|ULAMIPS1bit:BIT6" ;
+------+-------+----------+---------------------------------+
; Port ; Type  ; Severity ; Details                         ;
+------+-------+----------+---------------------------------+
; slt  ; Input ; Info     ; Stuck at GND                    ;
+------+-------+----------+---------------------------------+


+-----------------------------------------------------------+
; Port Connectivity Checks: "ULAMIPS:SOMA|ULAMIPS1bit:BIT5" ;
+------+-------+----------+---------------------------------+
; Port ; Type  ; Severity ; Details                         ;
+------+-------+----------+---------------------------------+
; slt  ; Input ; Info     ; Stuck at GND                    ;
+------+-------+----------+---------------------------------+


+-----------------------------------------------------------+
; Port Connectivity Checks: "ULAMIPS:SOMA|ULAMIPS1bit:BIT4" ;
+------+-------+----------+---------------------------------+
; Port ; Type  ; Severity ; Details                         ;
+------+-------+----------+---------------------------------+
; slt  ; Input ; Info     ; Stuck at GND                    ;
+------+-------+----------+---------------------------------+


+-----------------------------------------------------------+
; Port Connectivity Checks: "ULAMIPS:SOMA|ULAMIPS1bit:BIT3" ;
+------+-------+----------+---------------------------------+
; Port ; Type  ; Severity ; Details                         ;
+------+-------+----------+---------------------------------+
; slt  ; Input ; Info     ; Stuck at GND                    ;
+------+-------+----------+---------------------------------+


+-----------------------------------------------------------+
; Port Connectivity Checks: "ULAMIPS:SOMA|ULAMIPS1bit:BIT2" ;
+------+-------+----------+---------------------------------+
; Port ; Type  ; Severity ; Details                         ;
+------+-------+----------+---------------------------------+
; slt  ; Input ; Info     ; Stuck at GND                    ;
+------+-------+----------+---------------------------------+


+-----------------------------------------------------------+
; Port Connectivity Checks: "ULAMIPS:SOMA|ULAMIPS1bit:BIT1" ;
+------+-------+----------+---------------------------------+
; Port ; Type  ; Severity ; Details                         ;
+------+-------+----------+---------------------------------+
; slt  ; Input ; Info     ; Stuck at GND                    ;
+------+-------+----------+---------------------------------+


+---------------------------------------------------------------------------------------------------------------------------+
; Port Connectivity Checks: "ULAMIPS:SOMA"                                                                                  ;
+-----------------+--------+----------+-------------------------------------------------------------------------------------+
; Port            ; Type   ; Severity ; Details                                                                             ;
+-----------------+--------+----------+-------------------------------------------------------------------------------------+
; entradaa[31..3] ; Input  ; Info     ; Stuck at GND                                                                        ;
; entradaa[1..0]  ; Input  ; Info     ; Stuck at GND                                                                        ;
; entradaa[2]     ; Input  ; Info     ; Stuck at VCC                                                                        ;
; entradab[1..0]  ; Input  ; Info     ; Stuck at VCC                                                                        ;
; entradab[31..2] ; Input  ; Info     ; Stuck at GND                                                                        ;
; seletor[1]      ; Input  ; Info     ; Stuck at VCC                                                                        ;
; seletor[0]      ; Input  ; Info     ; Stuck at GND                                                                        ;
; inverteb        ; Input  ; Info     ; Stuck at GND                                                                        ;
; zero            ; Output ; Info     ; Connected to dangling logic. Logic that only feeds a dangling port will be removed. ;
+-----------------+--------+----------+-------------------------------------------------------------------------------------+


+-----------------------------------------------------+
; Post-Synthesis Netlist Statistics for Top Partition ;
+-----------------------+-----------------------------+
; Type                  ; Count                       ;
+-----------------------+-----------------------------+
; arriav_lcell_comb     ; 2                           ;
;     normal            ; 2                           ;
;         0 data inputs ; 2                           ;
; boundary_port         ; 193                         ;
;                       ;                             ;
; Max LUT depth         ; 0.00                        ;
; Average LUT depth     ; 0.00                        ;
+-----------------------+-----------------------------+


+-------------------------------+
; Elapsed Time Per Partition    ;
+----------------+--------------+
; Partition Name ; Elapsed Time ;
+----------------+--------------+
; Top            ; 00:00:00     ;
+----------------+--------------+


+-------------------------------+
; Analysis & Synthesis Messages ;
+-------------------------------+
Info: *******************************************************************
Info: Running Quartus Prime Analysis & Synthesis
    Info: Version 20.1.0 Build 711 06/05/2020 SJ Lite Edition
    Info: Processing started: Fri May 10 12:10:39 2024
Info: Command: quartus_map --read_settings_files=on --write_settings_files=off Aula16 -c Aula16
Info (20030): Parallel compilation is enabled and will use 4 of the 4 processors detected
Info (12021): Found 2 design units, including 1 entities, in source file aula16.vhd
    Info (12022): Found design unit 1: Aula16-arquitetura File: C:/DESCOMP/AULA16/Aula16.vhd Line: 24
    Info (12023): Found entity 1: Aula16 File: C:/DESCOMP/AULA16/Aula16.vhd Line: 4
Info (12021): Found 2 design units, including 1 entities, in source file somador1bit.vhd
    Info (12022): Found design unit 1: somador1bit-comportamento File: C:/DESCOMP/AULA16/somador1bit.vhd Line: 13
    Info (12023): Found entity 1: somador1bit File: C:/DESCOMP/AULA16/somador1bit.vhd Line: 5
Info (12021): Found 2 design units, including 1 entities, in source file operadorand.vhd
    Info (12022): Found design unit 1: operadorAND-comportamento File: C:/DESCOMP/AULA16/operadorAND.vhd Line: 10
    Info (12023): Found entity 1: operadorAND File: C:/DESCOMP/AULA16/operadorAND.vhd Line: 4
Info (12021): Found 2 design units, including 1 entities, in source file operadoror.vhd
    Info (12022): Found design unit 1: operadorOR-comportamento File: C:/DESCOMP/AULA16/operadorOR.vhd Line: 10
    Info (12023): Found entity 1: operadorOR File: C:/DESCOMP/AULA16/operadorOR.vhd Line: 4
Info (12021): Found 2 design units, including 1 entities, in source file operadorxor.vhd
    Info (12022): Found design unit 1: operadorXOR-comportamento File: C:/DESCOMP/AULA16/operadorXOR.vhd Line: 10
    Info (12023): Found entity 1: operadorXOR File: C:/DESCOMP/AULA16/operadorXOR.vhd Line: 4
Info (12021): Found 2 design units, including 1 entities, in source file ulamips1bit.vhd
    Info (12022): Found design unit 1: ULAMIPS1bit-comportamento File: C:/DESCOMP/AULA16/ULAMIPS1bit.vhd Line: 14
    Info (12023): Found entity 1: ULAMIPS1bit File: C:/DESCOMP/AULA16/ULAMIPS1bit.vhd Line: 5
Info (12021): Found 2 design units, including 1 entities, in source file muxgenerico4x1.vhd
    Info (12022): Found design unit 1: muxGenerico4x1-Behavioral File: C:/DESCOMP/AULA16/muxGenerico4x1.vhd Line: 14
    Info (12023): Found entity 1: muxGenerico4x1 File: C:/DESCOMP/AULA16/muxGenerico4x1.vhd Line: 5
Info (12021): Found 2 design units, including 1 entities, in source file operadornot.vhd
    Info (12022): Found design unit 1: operadorNOT-comportamento File: C:/DESCOMP/AULA16/operadorNOT.vhd Line: 10
    Info (12023): Found entity 1: operadorNOT File: C:/DESCOMP/AULA16/operadorNOT.vhd Line: 4
Info (12021): Found 2 design units, including 1 entities, in source file muxgenerico2x1.vhd
    Info (12022): Found design unit 1: muxGenerico2x1-comportamento File: C:/DESCOMP/AULA16/muxGenerico2x1.vhd Line: 13
    Info (12023): Found entity 1: muxGenerico2x1 File: C:/DESCOMP/AULA16/muxGenerico2x1.vhd Line: 4
Info (12021): Found 2 design units, including 1 entities, in source file ulamipsbit31.vhd
    Info (12022): Found design unit 1: ULAMIPSbit31-comportamento File: C:/DESCOMP/AULA16/ULAMIPSbit31.vhd Line: 14
    Info (12023): Found entity 1: ULAMIPSbit31 File: C:/DESCOMP/AULA16/ULAMIPSbit31.vhd Line: 5
Info (12021): Found 2 design units, including 1 entities, in source file ulamips.vhd
    Info (12022): Found design unit 1: ULAMIPS-comportamento File: C:/DESCOMP/AULA16/ULAMIPS.vhd Line: 22
    Info (12023): Found entity 1: ULAMIPS File: C:/DESCOMP/AULA16/ULAMIPS.vhd Line: 5
Info (12127): Elaborating entity "Aula16" for the top level hierarchy
Warning (10036): Verilog HDL or VHDL warning at Aula16.vhd(28): object "zero_apoio" assigned a value but never read File: C:/DESCOMP/AULA16/Aula16.vhd Line: 28
Warning (10036): Verilog HDL or VHDL warning at Aula16.vhd(29): object "r_apoio" assigned a value but never read File: C:/DESCOMP/AULA16/Aula16.vhd Line: 29
Info (12128): Elaborating entity "ULAMIPS" for hierarchy "ULAMIPS:SOMA" File: C:/DESCOMP/AULA16/Aula16.vhd Line: 34
Info (12128): Elaborating entity "ULAMIPS1bit" for hierarchy "ULAMIPS:SOMA|ULAMIPS1bit:BIT0" File: C:/DESCOMP/AULA16/ULAMIPS.vhd Line: 61
Info (12128): Elaborating entity "operadorNOT" for hierarchy "ULAMIPS:SOMA|ULAMIPS1bit:BIT0|operadorNOT:NOT1" File: C:/DESCOMP/AULA16/ULAMIPS1bit.vhd Line: 26
Info (12128): Elaborating entity "muxGenerico2x1" for hierarchy "ULAMIPS:SOMA|ULAMIPS1bit:BIT0|muxGenerico2x1:MUX_SUB" File: C:/DESCOMP/AULA16/ULAMIPS1bit.vhd Line: 29
Info (12128): Elaborating entity "operadorAND" for hierarchy "ULAMIPS:SOMA|ULAMIPS1bit:BIT0|operadorAND:AND1" File: C:/DESCOMP/AULA16/ULAMIPS1bit.vhd Line: 35
Info (12128): Elaborating entity "operadorOR" for hierarchy "ULAMIPS:SOMA|ULAMIPS1bit:BIT0|operadorOR:OR1" File: C:/DESCOMP/AULA16/ULAMIPS1bit.vhd Line: 38
Info (12128): Elaborating entity "somador1bit" for hierarchy "ULAMIPS:SOMA|ULAMIPS1bit:BIT0|somador1bit:SOMADOR" File: C:/DESCOMP/AULA16/ULAMIPS1bit.vhd Line: 41
Info (12128): Elaborating entity "operadorXOR" for hierarchy "ULAMIPS:SOMA|ULAMIPS1bit:BIT0|somador1bit:SOMADOR|operadorXOR:XOR1" File: C:/DESCOMP/AULA16/somador1bit.vhd Line: 24
Info (12128): Elaborating entity "muxGenerico4x1" for hierarchy "ULAMIPS:SOMA|ULAMIPS1bit:BIT0|muxGenerico4x1:MUX_ULAout" File: C:/DESCOMP/AULA16/ULAMIPS1bit.vhd Line: 44
Info (12128): Elaborating entity "ULAMIPSbit31" for hierarchy "ULAMIPS:SOMA|ULAMIPSbit31:BIT31" File: C:/DESCOMP/AULA16/ULAMIPS.vhd Line: 123
Warning (13024): Output pins are stuck at VCC or GND
    Warning (13410): Pin "resultado_soma[0]" is stuck at VCC File: C:/DESCOMP/AULA16/Aula16.vhd Line: 12
    Warning (13410): Pin "resultado_soma[1]" is stuck at VCC File: C:/DESCOMP/AULA16/Aula16.vhd Line: 12
    Warning (13410): Pin "resultado_soma[2]" is stuck at VCC File: C:/DESCOMP/AULA16/Aula16.vhd Line: 12
    Warning (13410): Pin "resultado_soma[3]" is stuck at GND File: C:/DESCOMP/AULA16/Aula16.vhd Line: 12
    Warning (13410): Pin "resultado_soma[4]" is stuck at GND File: C:/DESCOMP/AULA16/Aula16.vhd Line: 12
    Warning (13410): Pin "resultado_soma[5]" is stuck at GND File: C:/DESCOMP/AULA16/Aula16.vhd Line: 12
    Warning (13410): Pin "resultado_soma[6]" is stuck at GND File: C:/DESCOMP/AULA16/Aula16.vhd Line: 12
    Warning (13410): Pin "resultado_soma[7]" is stuck at GND File: C:/DESCOMP/AULA16/Aula16.vhd Line: 12
    Warning (13410): Pin "resultado_soma[8]" is stuck at GND File: C:/DESCOMP/AULA16/Aula16.vhd Line: 12
    Warning (13410): Pin "resultado_soma[9]" is stuck at GND File: C:/DESCOMP/AULA16/Aula16.vhd Line: 12
    Warning (13410): Pin "resultado_soma[10]" is stuck at GND File: C:/DESCOMP/AULA16/Aula16.vhd Line: 12
    Warning (13410): Pin "resultado_soma[11]" is stuck at GND File: C:/DESCOMP/AULA16/Aula16.vhd Line: 12
    Warning (13410): Pin "resultado_soma[12]" is stuck at GND File: C:/DESCOMP/AULA16/Aula16.vhd Line: 12
    Warning (13410): Pin "resultado_soma[13]" is stuck at GND File: C:/DESCOMP/AULA16/Aula16.vhd Line: 12
    Warning (13410): Pin "resultado_soma[14]" is stuck at GND File: C:/DESCOMP/AULA16/Aula16.vhd Line: 12
    Warning (13410): Pin "resultado_soma[15]" is stuck at GND File: C:/DESCOMP/AULA16/Aula16.vhd Line: 12
    Warning (13410): Pin "resultado_soma[16]" is stuck at GND File: C:/DESCOMP/AULA16/Aula16.vhd Line: 12
    Warning (13410): Pin "resultado_soma[17]" is stuck at GND File: C:/DESCOMP/AULA16/Aula16.vhd Line: 12
    Warning (13410): Pin "resultado_soma[18]" is stuck at GND File: C:/DESCOMP/AULA16/Aula16.vhd Line: 12
    Warning (13410): Pin "resultado_soma[19]" is stuck at GND File: C:/DESCOMP/AULA16/Aula16.vhd Line: 12
    Warning (13410): Pin "resultado_soma[20]" is stuck at GND File: C:/DESCOMP/AULA16/Aula16.vhd Line: 12
    Warning (13410): Pin "resultado_soma[21]" is stuck at GND File: C:/DESCOMP/AULA16/Aula16.vhd Line: 12
    Warning (13410): Pin "resultado_soma[22]" is stuck at GND File: C:/DESCOMP/AULA16/Aula16.vhd Line: 12
    Warning (13410): Pin "resultado_soma[23]" is stuck at GND File: C:/DESCOMP/AULA16/Aula16.vhd Line: 12
    Warning (13410): Pin "resultado_soma[24]" is stuck at GND File: C:/DESCOMP/AULA16/Aula16.vhd Line: 12
    Warning (13410): Pin "resultado_soma[25]" is stuck at GND File: C:/DESCOMP/AULA16/Aula16.vhd Line: 12
    Warning (13410): Pin "resultado_soma[26]" is stuck at GND File: C:/DESCOMP/AULA16/Aula16.vhd Line: 12
    Warning (13410): Pin "resultado_soma[27]" is stuck at GND File: C:/DESCOMP/AULA16/Aula16.vhd Line: 12
    Warning (13410): Pin "resultado_soma[28]" is stuck at GND File: C:/DESCOMP/AULA16/Aula16.vhd Line: 12
    Warning (13410): Pin "resultado_soma[29]" is stuck at GND File: C:/DESCOMP/AULA16/Aula16.vhd Line: 12
    Warning (13410): Pin "resultado_soma[30]" is stuck at GND File: C:/DESCOMP/AULA16/Aula16.vhd Line: 12
    Warning (13410): Pin "resultado_soma[31]" is stuck at GND File: C:/DESCOMP/AULA16/Aula16.vhd Line: 12
    Warning (13410): Pin "resultado_and[0]" is stuck at GND File: C:/DESCOMP/AULA16/Aula16.vhd Line: 13
    Warning (13410): Pin "resultado_and[1]" is stuck at GND File: C:/DESCOMP/AULA16/Aula16.vhd Line: 13
    Warning (13410): Pin "resultado_and[2]" is stuck at GND File: C:/DESCOMP/AULA16/Aula16.vhd Line: 13
    Warning (13410): Pin "resultado_and[3]" is stuck at GND File: C:/DESCOMP/AULA16/Aula16.vhd Line: 13
    Warning (13410): Pin "resultado_and[4]" is stuck at GND File: C:/DESCOMP/AULA16/Aula16.vhd Line: 13
    Warning (13410): Pin "resultado_and[5]" is stuck at GND File: C:/DESCOMP/AULA16/Aula16.vhd Line: 13
    Warning (13410): Pin "resultado_and[6]" is stuck at GND File: C:/DESCOMP/AULA16/Aula16.vhd Line: 13
    Warning (13410): Pin "resultado_and[7]" is stuck at GND File: C:/DESCOMP/AULA16/Aula16.vhd Line: 13
    Warning (13410): Pin "resultado_and[8]" is stuck at GND File: C:/DESCOMP/AULA16/Aula16.vhd Line: 13
    Warning (13410): Pin "resultado_and[9]" is stuck at GND File: C:/DESCOMP/AULA16/Aula16.vhd Line: 13
    Warning (13410): Pin "resultado_and[10]" is stuck at GND File: C:/DESCOMP/AULA16/Aula16.vhd Line: 13
    Warning (13410): Pin "resultado_and[11]" is stuck at GND File: C:/DESCOMP/AULA16/Aula16.vhd Line: 13
    Warning (13410): Pin "resultado_and[12]" is stuck at GND File: C:/DESCOMP/AULA16/Aula16.vhd Line: 13
    Warning (13410): Pin "resultado_and[13]" is stuck at GND File: C:/DESCOMP/AULA16/Aula16.vhd Line: 13
    Warning (13410): Pin "resultado_and[14]" is stuck at GND File: C:/DESCOMP/AULA16/Aula16.vhd Line: 13
    Warning (13410): Pin "resultado_and[15]" is stuck at GND File: C:/DESCOMP/AULA16/Aula16.vhd Line: 13
    Warning (13410): Pin "resultado_and[16]" is stuck at GND File: C:/DESCOMP/AULA16/Aula16.vhd Line: 13
    Warning (13410): Pin "resultado_and[17]" is stuck at GND File: C:/DESCOMP/AULA16/Aula16.vhd Line: 13
    Warning (13410): Pin "resultado_and[18]" is stuck at GND File: C:/DESCOMP/AULA16/Aula16.vhd Line: 13
    Warning (13410): Pin "resultado_and[19]" is stuck at GND File: C:/DESCOMP/AULA16/Aula16.vhd Line: 13
    Warning (13410): Pin "resultado_and[20]" is stuck at GND File: C:/DESCOMP/AULA16/Aula16.vhd Line: 13
    Warning (13410): Pin "resultado_and[21]" is stuck at GND File: C:/DESCOMP/AULA16/Aula16.vhd Line: 13
    Warning (13410): Pin "resultado_and[22]" is stuck at GND File: C:/DESCOMP/AULA16/Aula16.vhd Line: 13
    Warning (13410): Pin "resultado_and[23]" is stuck at GND File: C:/DESCOMP/AULA16/Aula16.vhd Line: 13
    Warning (13410): Pin "resultado_and[24]" is stuck at GND File: C:/DESCOMP/AULA16/Aula16.vhd Line: 13
    Warning (13410): Pin "resultado_and[25]" is stuck at GND File: C:/DESCOMP/AULA16/Aula16.vhd Line: 13
    Warning (13410): Pin "resultado_and[26]" is stuck at GND File: C:/DESCOMP/AULA16/Aula16.vhd Line: 13
    Warning (13410): Pin "resultado_and[27]" is stuck at GND File: C:/DESCOMP/AULA16/Aula16.vhd Line: 13
    Warning (13410): Pin "resultado_and[28]" is stuck at GND File: C:/DESCOMP/AULA16/Aula16.vhd Line: 13
    Warning (13410): Pin "resultado_and[29]" is stuck at GND File: C:/DESCOMP/AULA16/Aula16.vhd Line: 13
    Warning (13410): Pin "resultado_and[30]" is stuck at GND File: C:/DESCOMP/AULA16/Aula16.vhd Line: 13
    Warning (13410): Pin "resultado_and[31]" is stuck at GND File: C:/DESCOMP/AULA16/Aula16.vhd Line: 13
    Warning (13410): Pin "resultado_or[0]" is stuck at VCC File: C:/DESCOMP/AULA16/Aula16.vhd Line: 14
    Warning (13410): Pin "resultado_or[1]" is stuck at VCC File: C:/DESCOMP/AULA16/Aula16.vhd Line: 14
    Warning (13410): Pin "resultado_or[2]" is stuck at VCC File: C:/DESCOMP/AULA16/Aula16.vhd Line: 14
    Warning (13410): Pin "resultado_or[3]" is stuck at GND File: C:/DESCOMP/AULA16/Aula16.vhd Line: 14
    Warning (13410): Pin "resultado_or[4]" is stuck at GND File: C:/DESCOMP/AULA16/Aula16.vhd Line: 14
    Warning (13410): Pin "resultado_or[5]" is stuck at GND File: C:/DESCOMP/AULA16/Aula16.vhd Line: 14
    Warning (13410): Pin "resultado_or[6]" is stuck at GND File: C:/DESCOMP/AULA16/Aula16.vhd Line: 14
    Warning (13410): Pin "resultado_or[7]" is stuck at GND File: C:/DESCOMP/AULA16/Aula16.vhd Line: 14
    Warning (13410): Pin "resultado_or[8]" is stuck at GND File: C:/DESCOMP/AULA16/Aula16.vhd Line: 14
    Warning (13410): Pin "resultado_or[9]" is stuck at GND File: C:/DESCOMP/AULA16/Aula16.vhd Line: 14
    Warning (13410): Pin "resultado_or[10]" is stuck at GND File: C:/DESCOMP/AULA16/Aula16.vhd Line: 14
    Warning (13410): Pin "resultado_or[11]" is stuck at GND File: C:/DESCOMP/AULA16/Aula16.vhd Line: 14
    Warning (13410): Pin "resultado_or[12]" is stuck at GND File: C:/DESCOMP/AULA16/Aula16.vhd Line: 14
    Warning (13410): Pin "resultado_or[13]" is stuck at GND File: C:/DESCOMP/AULA16/Aula16.vhd Line: 14
    Warning (13410): Pin "resultado_or[14]" is stuck at GND File: C:/DESCOMP/AULA16/Aula16.vhd Line: 14
    Warning (13410): Pin "resultado_or[15]" is stuck at GND File: C:/DESCOMP/AULA16/Aula16.vhd Line: 14
    Warning (13410): Pin "resultado_or[16]" is stuck at GND File: C:/DESCOMP/AULA16/Aula16.vhd Line: 14
    Warning (13410): Pin "resultado_or[17]" is stuck at GND File: C:/DESCOMP/AULA16/Aula16.vhd Line: 14
    Warning (13410): Pin "resultado_or[18]" is stuck at GND File: C:/DESCOMP/AULA16/Aula16.vhd Line: 14
    Warning (13410): Pin "resultado_or[19]" is stuck at GND File: C:/DESCOMP/AULA16/Aula16.vhd Line: 14
    Warning (13410): Pin "resultado_or[20]" is stuck at GND File: C:/DESCOMP/AULA16/Aula16.vhd Line: 14
    Warning (13410): Pin "resultado_or[21]" is stuck at GND File: C:/DESCOMP/AULA16/Aula16.vhd Line: 14
    Warning (13410): Pin "resultado_or[22]" is stuck at GND File: C:/DESCOMP/AULA16/Aula16.vhd Line: 14
    Warning (13410): Pin "resultado_or[23]" is stuck at GND File: C:/DESCOMP/AULA16/Aula16.vhd Line: 14
    Warning (13410): Pin "resultado_or[24]" is stuck at GND File: C:/DESCOMP/AULA16/Aula16.vhd Line: 14
    Warning (13410): Pin "resultado_or[25]" is stuck at GND File: C:/DESCOMP/AULA16/Aula16.vhd Line: 14
    Warning (13410): Pin "resultado_or[26]" is stuck at GND File: C:/DESCOMP/AULA16/Aula16.vhd Line: 14
    Warning (13410): Pin "resultado_or[27]" is stuck at GND File: C:/DESCOMP/AULA16/Aula16.vhd Line: 14
    Warning (13410): Pin "resultado_or[28]" is stuck at GND File: C:/DESCOMP/AULA16/Aula16.vhd Line: 14
    Warning (13410): Pin "resultado_or[29]" is stuck at GND File: C:/DESCOMP/AULA16/Aula16.vhd Line: 14
    Warning (13410): Pin "resultado_or[30]" is stuck at GND File: C:/DESCOMP/AULA16/Aula16.vhd Line: 14
    Warning (13410): Pin "resultado_or[31]" is stuck at GND File: C:/DESCOMP/AULA16/Aula16.vhd Line: 14
    Warning (13410): Pin "resultado_sub[0]" is stuck at VCC File: C:/DESCOMP/AULA16/Aula16.vhd Line: 15
    Warning (13410): Pin "resultado_sub[1]" is stuck at GND File: C:/DESCOMP/AULA16/Aula16.vhd Line: 15
    Warning (13410): Pin "resultado_sub[2]" is stuck at GND File: C:/DESCOMP/AULA16/Aula16.vhd Line: 15
    Warning (13410): Pin "resultado_sub[3]" is stuck at GND File: C:/DESCOMP/AULA16/Aula16.vhd Line: 15
    Warning (13410): Pin "resultado_sub[4]" is stuck at GND File: C:/DESCOMP/AULA16/Aula16.vhd Line: 15
    Warning (13410): Pin "resultado_sub[5]" is stuck at GND File: C:/DESCOMP/AULA16/Aula16.vhd Line: 15
    Warning (13410): Pin "resultado_sub[6]" is stuck at GND File: C:/DESCOMP/AULA16/Aula16.vhd Line: 15
    Warning (13410): Pin "resultado_sub[7]" is stuck at GND File: C:/DESCOMP/AULA16/Aula16.vhd Line: 15
    Warning (13410): Pin "resultado_sub[8]" is stuck at GND File: C:/DESCOMP/AULA16/Aula16.vhd Line: 15
    Warning (13410): Pin "resultado_sub[9]" is stuck at GND File: C:/DESCOMP/AULA16/Aula16.vhd Line: 15
    Warning (13410): Pin "resultado_sub[10]" is stuck at GND File: C:/DESCOMP/AULA16/Aula16.vhd Line: 15
    Warning (13410): Pin "resultado_sub[11]" is stuck at GND File: C:/DESCOMP/AULA16/Aula16.vhd Line: 15
    Warning (13410): Pin "resultado_sub[12]" is stuck at GND File: C:/DESCOMP/AULA16/Aula16.vhd Line: 15
    Warning (13410): Pin "resultado_sub[13]" is stuck at GND File: C:/DESCOMP/AULA16/Aula16.vhd Line: 15
    Warning (13410): Pin "resultado_sub[14]" is stuck at GND File: C:/DESCOMP/AULA16/Aula16.vhd Line: 15
    Warning (13410): Pin "resultado_sub[15]" is stuck at GND File: C:/DESCOMP/AULA16/Aula16.vhd Line: 15
    Warning (13410): Pin "resultado_sub[16]" is stuck at GND File: C:/DESCOMP/AULA16/Aula16.vhd Line: 15
    Warning (13410): Pin "resultado_sub[17]" is stuck at GND File: C:/DESCOMP/AULA16/Aula16.vhd Line: 15
    Warning (13410): Pin "resultado_sub[18]" is stuck at GND File: C:/DESCOMP/AULA16/Aula16.vhd Line: 15
    Warning (13410): Pin "resultado_sub[19]" is stuck at GND File: C:/DESCOMP/AULA16/Aula16.vhd Line: 15
    Warning (13410): Pin "resultado_sub[20]" is stuck at GND File: C:/DESCOMP/AULA16/Aula16.vhd Line: 15
    Warning (13410): Pin "resultado_sub[21]" is stuck at GND File: C:/DESCOMP/AULA16/Aula16.vhd Line: 15
    Warning (13410): Pin "resultado_sub[22]" is stuck at GND File: C:/DESCOMP/AULA16/Aula16.vhd Line: 15
    Warning (13410): Pin "resultado_sub[23]" is stuck at GND File: C:/DESCOMP/AULA16/Aula16.vhd Line: 15
    Warning (13410): Pin "resultado_sub[24]" is stuck at GND File: C:/DESCOMP/AULA16/Aula16.vhd Line: 15
    Warning (13410): Pin "resultado_sub[25]" is stuck at GND File: C:/DESCOMP/AULA16/Aula16.vhd Line: 15
    Warning (13410): Pin "resultado_sub[26]" is stuck at GND File: C:/DESCOMP/AULA16/Aula16.vhd Line: 15
    Warning (13410): Pin "resultado_sub[27]" is stuck at GND File: C:/DESCOMP/AULA16/Aula16.vhd Line: 15
    Warning (13410): Pin "resultado_sub[28]" is stuck at GND File: C:/DESCOMP/AULA16/Aula16.vhd Line: 15
    Warning (13410): Pin "resultado_sub[29]" is stuck at GND File: C:/DESCOMP/AULA16/Aula16.vhd Line: 15
    Warning (13410): Pin "resultado_sub[30]" is stuck at GND File: C:/DESCOMP/AULA16/Aula16.vhd Line: 15
    Warning (13410): Pin "resultado_sub[31]" is stuck at GND File: C:/DESCOMP/AULA16/Aula16.vhd Line: 15
    Warning (13410): Pin "resultado_slt_v[0]" is stuck at VCC File: C:/DESCOMP/AULA16/Aula16.vhd Line: 16
    Warning (13410): Pin "resultado_slt_v[1]" is stuck at GND File: C:/DESCOMP/AULA16/Aula16.vhd Line: 16
    Warning (13410): Pin "resultado_slt_v[2]" is stuck at GND File: C:/DESCOMP/AULA16/Aula16.vhd Line: 16
    Warning (13410): Pin "resultado_slt_v[3]" is stuck at GND File: C:/DESCOMP/AULA16/Aula16.vhd Line: 16
    Warning (13410): Pin "resultado_slt_v[4]" is stuck at GND File: C:/DESCOMP/AULA16/Aula16.vhd Line: 16
    Warning (13410): Pin "resultado_slt_v[5]" is stuck at GND File: C:/DESCOMP/AULA16/Aula16.vhd Line: 16
    Warning (13410): Pin "resultado_slt_v[6]" is stuck at GND File: C:/DESCOMP/AULA16/Aula16.vhd Line: 16
    Warning (13410): Pin "resultado_slt_v[7]" is stuck at GND File: C:/DESCOMP/AULA16/Aula16.vhd Line: 16
    Warning (13410): Pin "resultado_slt_v[8]" is stuck at GND File: C:/DESCOMP/AULA16/Aula16.vhd Line: 16
    Warning (13410): Pin "resultado_slt_v[9]" is stuck at GND File: C:/DESCOMP/AULA16/Aula16.vhd Line: 16
    Warning (13410): Pin "resultado_slt_v[10]" is stuck at GND File: C:/DESCOMP/AULA16/Aula16.vhd Line: 16
    Warning (13410): Pin "resultado_slt_v[11]" is stuck at GND File: C:/DESCOMP/AULA16/Aula16.vhd Line: 16
    Warning (13410): Pin "resultado_slt_v[12]" is stuck at GND File: C:/DESCOMP/AULA16/Aula16.vhd Line: 16
    Warning (13410): Pin "resultado_slt_v[13]" is stuck at GND File: C:/DESCOMP/AULA16/Aula16.vhd Line: 16
    Warning (13410): Pin "resultado_slt_v[14]" is stuck at GND File: C:/DESCOMP/AULA16/Aula16.vhd Line: 16
    Warning (13410): Pin "resultado_slt_v[15]" is stuck at GND File: C:/DESCOMP/AULA16/Aula16.vhd Line: 16
    Warning (13410): Pin "resultado_slt_v[16]" is stuck at GND File: C:/DESCOMP/AULA16/Aula16.vhd Line: 16
    Warning (13410): Pin "resultado_slt_v[17]" is stuck at GND File: C:/DESCOMP/AULA16/Aula16.vhd Line: 16
    Warning (13410): Pin "resultado_slt_v[18]" is stuck at GND File: C:/DESCOMP/AULA16/Aula16.vhd Line: 16
    Warning (13410): Pin "resultado_slt_v[19]" is stuck at GND File: C:/DESCOMP/AULA16/Aula16.vhd Line: 16
    Warning (13410): Pin "resultado_slt_v[20]" is stuck at GND File: C:/DESCOMP/AULA16/Aula16.vhd Line: 16
    Warning (13410): Pin "resultado_slt_v[21]" is stuck at GND File: C:/DESCOMP/AULA16/Aula16.vhd Line: 16
    Warning (13410): Pin "resultado_slt_v[22]" is stuck at GND File: C:/DESCOMP/AULA16/Aula16.vhd Line: 16
    Warning (13410): Pin "resultado_slt_v[23]" is stuck at GND File: C:/DESCOMP/AULA16/Aula16.vhd Line: 16
    Warning (13410): Pin "resultado_slt_v[24]" is stuck at GND File: C:/DESCOMP/AULA16/Aula16.vhd Line: 16
    Warning (13410): Pin "resultado_slt_v[25]" is stuck at GND File: C:/DESCOMP/AULA16/Aula16.vhd Line: 16
    Warning (13410): Pin "resultado_slt_v[26]" is stuck at GND File: C:/DESCOMP/AULA16/Aula16.vhd Line: 16
    Warning (13410): Pin "resultado_slt_v[27]" is stuck at GND File: C:/DESCOMP/AULA16/Aula16.vhd Line: 16
    Warning (13410): Pin "resultado_slt_v[28]" is stuck at GND File: C:/DESCOMP/AULA16/Aula16.vhd Line: 16
    Warning (13410): Pin "resultado_slt_v[29]" is stuck at GND File: C:/DESCOMP/AULA16/Aula16.vhd Line: 16
    Warning (13410): Pin "resultado_slt_v[30]" is stuck at GND File: C:/DESCOMP/AULA16/Aula16.vhd Line: 16
    Warning (13410): Pin "resultado_slt_v[31]" is stuck at GND File: C:/DESCOMP/AULA16/Aula16.vhd Line: 16
    Warning (13410): Pin "resultado_slt_f[0]" is stuck at GND File: C:/DESCOMP/AULA16/Aula16.vhd Line: 17
    Warning (13410): Pin "resultado_slt_f[1]" is stuck at GND File: C:/DESCOMP/AULA16/Aula16.vhd Line: 17
    Warning (13410): Pin "resultado_slt_f[2]" is stuck at GND File: C:/DESCOMP/AULA16/Aula16.vhd Line: 17
    Warning (13410): Pin "resultado_slt_f[3]" is stuck at GND File: C:/DESCOMP/AULA16/Aula16.vhd Line: 17
    Warning (13410): Pin "resultado_slt_f[4]" is stuck at GND File: C:/DESCOMP/AULA16/Aula16.vhd Line: 17
    Warning (13410): Pin "resultado_slt_f[5]" is stuck at GND File: C:/DESCOMP/AULA16/Aula16.vhd Line: 17
    Warning (13410): Pin "resultado_slt_f[6]" is stuck at GND File: C:/DESCOMP/AULA16/Aula16.vhd Line: 17
    Warning (13410): Pin "resultado_slt_f[7]" is stuck at GND File: C:/DESCOMP/AULA16/Aula16.vhd Line: 17
    Warning (13410): Pin "resultado_slt_f[8]" is stuck at GND File: C:/DESCOMP/AULA16/Aula16.vhd Line: 17
    Warning (13410): Pin "resultado_slt_f[9]" is stuck at GND File: C:/DESCOMP/AULA16/Aula16.vhd Line: 17
    Warning (13410): Pin "resultado_slt_f[10]" is stuck at GND File: C:/DESCOMP/AULA16/Aula16.vhd Line: 17
    Warning (13410): Pin "resultado_slt_f[11]" is stuck at GND File: C:/DESCOMP/AULA16/Aula16.vhd Line: 17
    Warning (13410): Pin "resultado_slt_f[12]" is stuck at GND File: C:/DESCOMP/AULA16/Aula16.vhd Line: 17
    Warning (13410): Pin "resultado_slt_f[13]" is stuck at GND File: C:/DESCOMP/AULA16/Aula16.vhd Line: 17
    Warning (13410): Pin "resultado_slt_f[14]" is stuck at GND File: C:/DESCOMP/AULA16/Aula16.vhd Line: 17
    Warning (13410): Pin "resultado_slt_f[15]" is stuck at GND File: C:/DESCOMP/AULA16/Aula16.vhd Line: 17
    Warning (13410): Pin "resultado_slt_f[16]" is stuck at GND File: C:/DESCOMP/AULA16/Aula16.vhd Line: 17
    Warning (13410): Pin "resultado_slt_f[17]" is stuck at GND File: C:/DESCOMP/AULA16/Aula16.vhd Line: 17
    Warning (13410): Pin "resultado_slt_f[18]" is stuck at GND File: C:/DESCOMP/AULA16/Aula16.vhd Line: 17
    Warning (13410): Pin "resultado_slt_f[19]" is stuck at GND File: C:/DESCOMP/AULA16/Aula16.vhd Line: 17
    Warning (13410): Pin "resultado_slt_f[20]" is stuck at GND File: C:/DESCOMP/AULA16/Aula16.vhd Line: 17
    Warning (13410): Pin "resultado_slt_f[21]" is stuck at GND File: C:/DESCOMP/AULA16/Aula16.vhd Line: 17
    Warning (13410): Pin "resultado_slt_f[22]" is stuck at GND File: C:/DESCOMP/AULA16/Aula16.vhd Line: 17
    Warning (13410): Pin "resultado_slt_f[23]" is stuck at GND File: C:/DESCOMP/AULA16/Aula16.vhd Line: 17
    Warning (13410): Pin "resultado_slt_f[24]" is stuck at GND File: C:/DESCOMP/AULA16/Aula16.vhd Line: 17
    Warning (13410): Pin "resultado_slt_f[25]" is stuck at GND File: C:/DESCOMP/AULA16/Aula16.vhd Line: 17
    Warning (13410): Pin "resultado_slt_f[26]" is stuck at GND File: C:/DESCOMP/AULA16/Aula16.vhd Line: 17
    Warning (13410): Pin "resultado_slt_f[27]" is stuck at GND File: C:/DESCOMP/AULA16/Aula16.vhd Line: 17
    Warning (13410): Pin "resultado_slt_f[28]" is stuck at GND File: C:/DESCOMP/AULA16/Aula16.vhd Line: 17
    Warning (13410): Pin "resultado_slt_f[29]" is stuck at GND File: C:/DESCOMP/AULA16/Aula16.vhd Line: 17
    Warning (13410): Pin "resultado_slt_f[30]" is stuck at GND File: C:/DESCOMP/AULA16/Aula16.vhd Line: 17
    Warning (13410): Pin "resultado_slt_f[31]" is stuck at GND File: C:/DESCOMP/AULA16/Aula16.vhd Line: 17
    Warning (13410): Pin "zero" is stuck at VCC File: C:/DESCOMP/AULA16/Aula16.vhd Line: 18
Info (16010): Generating hard_block partition "hard_block:auto_generated_inst"
    Info (16011): Adding 0 node(s), including 0 DDIO, 0 PLL, 0 transceiver and 0 LCELL
Info (21057): Implemented 193 device resources after synthesis - the final resource count might be different
    Info (21058): Implemented 0 input pins
    Info (21059): Implemented 193 output pins
Info: Quartus Prime Analysis & Synthesis was successful. 0 errors, 196 warnings
    Info: Peak virtual memory: 4853 megabytes
    Info: Processing ended: Fri May 10 12:10:54 2024
    Info: Elapsed time: 00:00:15
    Info: Total CPU time (on all processors): 00:00:27


